<?xml version="1.0" encoding="UTF-8"?>
<testsuite xmlns:xsi="http://www.w3.org/2001/XMLSchema-instance" xsi:noNamespaceSchemaLocation="https://maven.apache.org/surefire/maven-surefire-plugin/xsd/surefire-test-report-3.0.xsd" version="3.0" name="QueryPlanEquivalenceTest" time="2.163" tests="2" errors="2" skipped="0" failures="0">
  <properties>
[...]
</properties>
  <testcase name="testEquivalentPlans" classname="QueryPlanEquivalenceTest" time="1.659">
    <error message="Cannot invoke &quot;org.apache.calcite.plan.RelTrait.getTraitDef()&quot; because &quot;trait&quot; is null" type="java.lang.NullPointerException"><![CDATA[java.lang.NullPointerException: Cannot invoke "org.apache.calcite.plan.RelTrait.getTraitDef()" because "trait" is null
	at org.apache.calcite.plan.RelTraitSet.replace(RelTraitSet.java:195)
	at org.apache.calcite.plan.RelOptCluster.traitSetOf(RelOptCluster.java:272)
	at org.apache.calcite.adapter.jdbc.JdbcTableScan.<init>(JdbcTableScan.java:47)
	at org.apache.calcite.adapter.jdbc.JdbcTable.toRel(JdbcTable.java:178)
	at org.apache.calcite.prepare.RelOptTableImpl.toRel(RelOptTableImpl.java:287)
	at org.apache.calcite.sql2rel.SqlToRelConverter.toRel(SqlToRelConverter.java:4116)
	at org.apache.calcite.sql2rel.SqlToRelConverter.convertIdentifier(SqlToRelConverter.java:2881)
	at org.apache.calcite.sql2rel.SqlToRelConverter.convertFrom(SqlToRelConverter.java:2457)
	at org.apache.calcite.sql2rel.SqlToRelConverter.convertFrom(SqlToRelConverter.java:2397)
	at org.apache.calcite.sql2rel.SqlToRelConverter.convertFrom(SqlToRelConverter.java:2359)
	at org.apache.calcite.sql2rel.SqlToRelConverter.convertSelectImpl(SqlToRelConverter.java:755)
	at org.apache.calcite.sql2rel.SqlToRelConverter.convertSelect(SqlToRelConverter.java:735)
	at org.apache.calcite.sql2rel.SqlToRelConverter.convertQueryRecursive(SqlToRelConverter.java:3939)
	at org.apache.calcite.sql2rel.SqlToRelConverter.convertQuery(SqlToRelConverter.java:628)
	at org.apache.calcite.prepare.PlannerImpl.rel(PlannerImpl.java:271)
	at QueryPlanEquivalenceTest.getLogicalPlan(QueryPlanEquivalenceTest.java:66)
	at QueryPlanEquivalenceTest.testEquivalentPlans(QueryPlanEquivalenceTest.java:76)
	at java.base/java.lang.reflect.Method.invoke(Method.java:580)
	at java.base/java.util.ArrayList.forEach(ArrayList.java:1596)
	at java.base/java.util.ArrayList.forEach(ArrayList.java:1596)
]]></error>
    <system-err><![CDATA[SLF4J: Failed to load class "org.slf4j.impl.StaticLoggerBinder".
SLF4J: Defaulting to no-operation (NOP) logger implementation
SLF4J: See http://www.slf4j.org/codes.html#StaticLoggerBinder for further details.
]]></system-err>
  </testcase>
  <testcase name="testNonEquivalentPlans" classname="QueryPlanEquivalenceTest" time="0.005">
    <error message="cannot move to STATE_2_READY from STATE_4_VALIDATED" type="java.lang.IllegalArgumentException"><![CDATA[java.lang.IllegalArgumentException: cannot move to STATE_2_READY from STATE_4_VALIDATED
	at org.apache.calcite.prepare.PlannerImpl.ensure(PlannerImpl.java:150)
	at org.apache.calcite.prepare.PlannerImpl.parse(PlannerImpl.java:214)
	at org.apache.calcite.tools.Planner.parse(Planner.java:50)
	at QueryPlanEquivalenceTest.getLogicalPlan(QueryPlanEquivalenceTest.java:64)
	at QueryPlanEquivalenceTest.testNonEquivalentPlans(QueryPlanEquivalenceTest.java:92)
	at java.base/java.lang.reflect.Method.invoke(Method.java:580)
	at java.base/java.util.ArrayList.forEach(ArrayList.java:1596)
	at java.base/java.util.ArrayList.forEach(ArrayList.java:1596)
]]></error>
  </testcase>
</testsuite>